#
# There is insufficient memory for the Java Runtime Environment to continue.
# Native memory allocation (mmap) failed to map 268435456 bytes for Failed to commit area from 0x0000000701400000 to 0x0000000711400000 of length 268435456.
# Possible reasons:
#   The system is out of physical RAM or swap space
#   The process is running with CompressedOops enabled, and the Java Heap may be blocking the growth of the native heap
# Possible solutions:
#   Reduce memory load on the system
#   Increase physical memory or swap space
#   Check if swap backing store is full
#   Decrease Java heap size (-Xmx/-Xms)
#   Decrease number of Java threads
#   Decrease Java thread stack sizes (-Xss)
#   Set larger code cache with -XX:ReservedCodeCacheSize=
# This output file may be truncated or incomplete.
#
#  Out of Memory Error (c:/BuildAgent/work/5ff2f6c26000d570/src/hotspot/os/windows/os_windows.cpp:3291), pid=6732, tid=81936
#
# JRE version:  (11.0.5+10) (build )
# Java VM: OpenJDK 64-Bit Server VM (11.0.5+10-b520.38, mixed mode, aot, sharing, tiered, compressed oops, g1 gc, windows-amd64)
# No core dump will be written. Minidumps are not enabled by default on client versions of Windows
#

---------------  S U M M A R Y ------------

Command Line: org.jetbrains.git4idea.http.GitAskPassApp Username for 'https://github.com': 

Host: Intel(R) Core(TM) i5-3470 CPU @ 3.20GHz, 4 cores, 15G,  Windows 7 , 64 bit Build 7601 (6.1.7601.23915)
Time: Thu Jun  4 21:08:59 2020 ?D1¨²¡À¨º¡Á?¨º¡À?? elapsed time: 0 seconds (0d 0h 0m 0s)

---------------  T H R E A D  ---------------

Current thread (0x00000000003f9800):  JavaThread "Unknown thread" [_thread_in_vm, id=81936, stack(0x00000000038c0000,0x00000000039c0000)]

Stack: [0x00000000038c0000,0x00000000039c0000]
Native frames: (J=compiled Java code, j=interpreted, Vv=VM code, C=native code)
V  [jvm.dll+0x5dcafa]
V  [jvm.dll+0x70e375]
V  [jvm.dll+0x70f898]
V  [jvm.dll+0x70ff63]
V  [jvm.dll+0x23e238]
V  [jvm.dll+0x5da1c4]
V  [jvm.dll+0x5cf265]
V  [jvm.dll+0x2fac3b]
V  [jvm.dll+0x2fabaa]
V  [jvm.dll+0x2faa82]
V  [jvm.dll+0x2ff956]
V  [jvm.dll+0x3480d3]
V  [jvm.dll+0x3487d6]
V  [jvm.dll+0x3481d3]
V  [jvm.dll+0x2d5548]
V  [jvm.dll+0x2d66e7]
V  [jvm.dll+0x6ed237]
V  [jvm.dll+0x6eea2c]
V  [jvm.dll+0x355849]
V  [jvm.dll+0x6d239e]
V  [jvm.dll+0x3be283]
V  [jvm.dll+0x3c0701]
C  [jli.dll+0x5363]
C  [ucrtbase.DLL+0x1c1ae]
C  [kernel32.dll+0x159cd]
C  [ntdll.dll+0x2a561]


---------------  P R O C E S S  ---------------

Threads class SMR info:
_java_thread_list=0x00000000003da7d0, length=0, elements={
}

Java Threads: ( => current thread )

Other Threads:
  0x0000000000412800 GCTaskThread "GC Thread#0" [stack: 0x0000000003cf0000,0x0000000003df0000] [id=86356]
  0x000000000046d000 ConcurrentGCThread "G1 Main Marker" [stack: 0x0000000020e70000,0x0000000020f70000] [id=89296]
  0x000000000046f000 ConcurrentGCThread "G1 Conc#0" [stack: 0x0000000021060000,0x0000000021160000] [id=89920]

[error occurred during error reporting (printing all threads), id 0xc0000005, EXCEPTION_ACCESS_VIOLATION (0xc0000005) at pc=0x000007fed8305c17]

VM state:not at safepoint (not fully initialized)

VM Mutex/Monitor currently owned by a thread:  ([mutex/lock_event])
[0x00000000003f6dc0] Heap_lock - owner thread: 0x00000000003f9800

Heap address: 0x0000000701400000, size: 4076 MB, Compressed Oops mode: Non-zero based: 0x0000000701400000
Narrow klass base: 0x0000000000000000, Narrow klass shift: 0

GC Heap History (0 events):
No events

Deoptimization events (0 events):
No events

Classes redefined (0 events):
No events

Internal exceptions (0 events):
No events

Events (0 events):
No events


Dynamic libraries:
0x000000013f880000 - 0x000000013f88a000 	D:\idea\jbr\bin\java.exe
0x0000000077c30000 - 0x0000000077dda000 	C:\Windows\SYSTEM32\ntdll.dll
0x0000000077b10000 - 0x0000000077c2f000 	C:\Windows\system32\kernel32.dll
0x000007fefd9b0000 - 0x000007fefda1a000 	C:\Windows\system32\KERNELBASE.dll
0x000007fef83b0000 - 0x000007fef86f8000 	C:\Windows\System32\TSafeDoc64.dll
0x000007fefdea0000 - 0x000007fefdeed000 	C:\Windows\system32\WS2_32.dll
0x000007feffc90000 - 0x000007feffd2f000 	C:\Windows\system32\msvcrt.dll
0x000007feff5f0000 - 0x000007feff71d000 	C:\Windows\system32\RPCRT4.dll
0x000007fefe3a0000 - 0x000007fefe3a8000 	C:\Windows\system32\NSI.dll
0x0000000077a10000 - 0x0000000077b0a000 	C:\Windows\system32\USER32.dll
0x000007fefdef0000 - 0x000007fefdf57000 	C:\Windows\system32\GDI32.dll
0x000007feffd30000 - 0x000007feffd3e000 	C:\Windows\system32\LPK.dll
0x000007feff940000 - 0x000007feffa0b000 	C:\Windows\system32\USP10.dll
0x000007fefa750000 - 0x000007fefa7c1000 	C:\Windows\system32\WINSPOOL.DRV
0x000007feff490000 - 0x000007feff56b000 	C:\Windows\system32\ADVAPI32.dll
0x000007feff720000 - 0x000007feff73f000 	C:\Windows\SYSTEM32\sechost.dll
0x000007fefe700000 - 0x000007feff48a000 	C:\Windows\system32\SHELL32.dll
0x000007fefe3b0000 - 0x000007fefe421000 	C:\Windows\system32\SHLWAPI.dll
0x000007feffd40000 - 0x000007fefff3c000 	C:\Windows\system32\ole32.dll
0x000007fef8900000 - 0x000007fef8918000 	C:\Windows\system32\MPR.dll
0x000007fefc9b0000 - 0x000007fefc9bc000 	C:\Windows\system32\VERSION.dll
0x000007feff7c0000 - 0x000007feff89a000 	C:\Windows\system32\OLEAUT32.dll
0x000007fef8700000 - 0x000007fef87fa000 	C:\Windows\system32\winhafnt64.dll
0x000007fefc230000 - 0x000007fefc249000 	D:\idea\jbr\bin\jli.dll
0x000007fefbfe0000 - 0x000007fefc1d4000 	C:\Windows\WinSxS\amd64_microsoft.windows.common-controls_6595b64144ccf1df_6.0.7601.18837_none_fa3b1e3d17594757\COMCTL32.dll
0x000007fef94a0000 - 0x000007fef94b7000 	D:\idea\jbr\bin\VCRUNTIME140.dll
0x000007fefaf50000 - 0x000007fefaf54000 	D:\idea\jbr\bin\api-ms-win-crt-runtime-l1-1-0.dll
0x000007fee3630000 - 0x000007fee372a000 	D:\idea\jbr\bin\ucrtbase.DLL
0x000007fef92c0000 - 0x000007fef92c3000 	D:\idea\jbr\bin\api-ms-win-core-localization-l1-2-0.dll
0x000007fef9080000 - 0x000007fef9083000 	D:\idea\jbr\bin\api-ms-win-core-processthreads-l1-1-1.dll
0x000007fef79a0000 - 0x000007fef79a3000 	D:\idea\jbr\bin\api-ms-win-core-file-l1-2-0.dll
0x000007fef6c50000 - 0x000007fef6c53000 	D:\idea\jbr\bin\api-ms-win-core-timezone-l1-1-0.dll
0x000007fef41c0000 - 0x000007fef41c3000 	D:\idea\jbr\bin\api-ms-win-core-file-l2-1-0.dll
0x000007fef3730000 - 0x000007fef3733000 	D:\idea\jbr\bin\api-ms-win-core-synch-l1-2-0.dll
0x000007fef36f0000 - 0x000007fef36f4000 	D:\idea\jbr\bin\api-ms-win-crt-string-l1-1-0.dll
0x000007fef13d0000 - 0x000007fef13d3000 	D:\idea\jbr\bin\api-ms-win-crt-heap-l1-1-0.dll
0x000007fef13c0000 - 0x000007fef13c4000 	D:\idea\jbr\bin\api-ms-win-crt-stdio-l1-1-0.dll
0x000007fef0f60000 - 0x000007fef0f64000 	D:\idea\jbr\bin\api-ms-win-crt-convert-l1-1-0.dll
0x000007fef0f50000 - 0x000007fef0f53000 	D:\idea\jbr\bin\api-ms-win-crt-environment-l1-1-0.dll
0x000007fef0f40000 - 0x000007fef0f43000 	D:\idea\jbr\bin\api-ms-win-crt-filesystem-l1-1-0.dll
0x000007fef0f30000 - 0x000007fef0f35000 	D:\idea\jbr\bin\api-ms-win-crt-math-l1-1-0.dll
0x000007fef0f20000 - 0x000007fef0f23000 	D:\idea\jbr\bin\api-ms-win-crt-locale-l1-1-0.dll
0x000007fefde70000 - 0x000007fefde9e000 	C:\Windows\system32\IMM32.DLL
0x000007fefe290000 - 0x000007fefe399000 	C:\Windows\system32\MSCTF.dll
0x0000000077df0000 - 0x0000000077df7000 	C:\Windows\system32\psapi.dll
0x0000000180000000 - 0x00000001800df000 	C:\Windows\system32\TMailHook64.dll
0x000007fef7d60000 - 0x000007fef7f23000 	C:\Windows\system32\DtFrame64.dll
0x000007fef8830000 - 0x000007fef884e000 	C:\Windows\system32\hlink.dll
0x000007fef7a10000 - 0x000007fef7d57000 	C:\Windows\system32\winhadnt64.dll
0x000007fefcee0000 - 0x000007fefcf3b000 	C:\Windows\system32\Dnsapi.dll
0x0000000002e30000 - 0x0000000002e61000 	C:\Windows\system32\TIjtdrvd64.dll
0x000007feff8a0000 - 0x000007feff937000 	C:\Windows\system32\comdlg32.dll
0x000007fef8850000 - 0x000007fef8859000 	C:\Windows\system32\WinUsb.dll
0x000007fef08a0000 - 0x000007fef093d000 	D:\idea\jbr\bin\msvcp140.dll
0x000007fef0f10000 - 0x000007fef0f15000 	D:\idea\jbr\bin\api-ms-win-crt-multibyte-l1-1-0.dll
0x000007fef0f00000 - 0x000007fef0f03000 	D:\idea\jbr\bin\api-ms-win-crt-time-l1-1-0.dll
0x000007fef0ef0000 - 0x000007fef0ef3000 	D:\idea\jbr\bin\api-ms-win-crt-utility-l1-1-0.dll
0x000007fed8020000 - 0x000007fed8adb000 	D:\idea\jbr\bin\server\jvm.dll
0x000007fef0ac0000 - 0x000007fef0ac9000 	C:\Windows\system32\WSOCK32.dll
0x000007fefb860000 - 0x000007fefb89b000 	C:\Windows\system32\WINMM.dll
0x000007fefc720000 - 0x000007fefc731000 	D:\idea\jbr\bin\verify.dll
0x000007fefa7d0000 - 0x000007fefa8f5000 	C:\Windows\system32\DBGHELP.DLL
0x000007fefb4b0000 - 0x000007fefb4d9000 	D:\idea\jbr\bin\java.dll
0x000007fefb0c0000 - 0x000007fefb0d7000 	D:\idea\jbr\bin\zip.dll
0x000007fefb950000 - 0x000007fefb95b000 	D:\idea\jbr\bin\jimage.dll

dbghelp: loaded successfully - version: 4.0.5 - missing functions: none
symbol engine: initialized successfully - sym options: 0x614 - pdb path: .;D:\idea\jbr\bin;C:\Windows\SYSTEM32;C:\Windows\WinSxS\amd64_microsoft.windows.common-controls_6595b64144ccf1df_6.0.7601.18837_none_fa3b1e3d17594757;D:\idea\jbr\bin\server

VM Arguments:
java_command: org.jetbrains.git4idea.http.GitAskPassApp Username for 'https://github.com': 
java_class_path (initial): D:/idea/plugins/git4idea/lib/git4idea-rt.jar;D:/idea/lib/xmlrpc-2.0.1.jar;D:/idea/lib/commons-codec-1.13.jar;D:/idea/lib/util.jar
Launcher Type: SUN_STANDARD

[Global flags]
     intx CICompilerCount                          = 3                                         {product} {ergonomic}
     uint ConcGCThreads                            = 1                                         {product} {ergonomic}
     uint G1ConcRefinementThreads                  = 4                                         {product} {ergonomic}
   size_t G1HeapRegionSize                         = 1048576                                   {product} {ergonomic}
    uintx GCDrainStackTargetSize                   = 64                                        {product} {ergonomic}
   size_t InitialHeapSize                          = 268435456                                 {product} {ergonomic}
   size_t MarkStackSize                            = 4194304                                   {product} {ergonomic}
   size_t MaxHeapSize                              = 4273995776                                {product} {ergonomic}
   size_t MinHeapDeltaBytes                        = 1048576                                   {product} {ergonomic}
    uintx NonNMethodCodeHeapSize                   = 5830732                                {pd product} {ergonomic}
    uintx NonProfiledCodeHeapSize                  = 122913754                              {pd product} {ergonomic}
    uintx ProfiledCodeHeapSize                     = 122913754                              {pd product} {ergonomic}
    uintx ReservedCodeCacheSize                    = 251658240                              {pd product} {ergonomic}
     bool SegmentedCodeCache                       = true                                      {product} {ergonomic}
     bool UseCompressedClassPointers               = true                                 {lp64_product} {ergonomic}
     bool UseCompressedOops                        = true                                 {lp64_product} {ergonomic}
     bool UseG1GC                                  = true                                      {product} {ergonomic}
     bool UseLargePagesIndividualAllocation        = false                                  {pd product} {ergonomic}

Logging:
Log output configuration:
 #0: stdout all=warning uptime,level,tags
 #1: stderr all=off uptime,level,tags

Environment Variables:
JAVA_HOME=D:\Java\JDK
CLASSPATH=.;D:\Java\JDK\lib\dt.jar;D:\Java\JDK\lib\tools.jar;
PATH=D:\Git\mingw64\libexec\git-core;D:\Git\mingw64\libexec\git-core;D:\Git\mingw64\bin;D:\Git\usr\bin;C:\Users\Tao\bin;D:\Xftp;D:\Xshell;C:\Program Files (x86)\Common Files\Oracle\Java\javapath;C:\Windows\system32;C:\Windows;C:\Windows\System32\Wbem;C:\Windows\System32\WindowsPowerShell\v1.0;D:\Java\JDK\bin;D:\Java\JDK\jre\bin;C:\Program Files (x86)\Microsoft SQL Server\100\Tools\Binn;C:\Program Files\Microsoft SQL Server\100\Tools\Binn;C:\Program Files\Microsoft SQL Server\100\DTS\Binn;C:\Program Files (x86)\Microsoft SQL Server\100\Tools\Binn\VSShell\Common7\IDE;C:\Program Files (x86)\Microsoft Visual Studio 9.0\Common7\IDE\PrivateAssemblies;C:\Program Files (x86)\Microsoft SQL Server\100\DTS\Binn;C:\Program Files (x86)\Microsoft SQL Server\150\DTS\Binn;D:\Git\cmd;D:\VSCode\bin
USERNAME=Tao
DISPLAY=:0.0
OS=Windows_NT
PROCESSOR_IDENTIFIER=Intel64 Family 6 Model 58 Stepping 9, GenuineIntel



---------------  S Y S T E M  ---------------

OS: Windows 7 , 64 bit Build 7601 (6.1.7601.23915)

CPU:total 4 (initial active 4) (4 cores per cpu, 1 threads per core) family 6 model 58 stepping 9, cmov, cx8, fxsr, mmx, sse, sse2, sse3, ssse3, sse4.1, sse4.2, popcnt, avx, aes, clmul, erms, tsc, tscinvbit, tscinv

Memory: 4k page, system-wide physical 16301M (685M free)
TotalPageFile size 16299M (AvailPageFile size 254M)
current process WorkingSet (physical memory assigned to process): 21M, peak: 21M
current process commit charge ("private bytes"): 68M, peak: 324M

vm_info: OpenJDK 64-Bit Server VM (11.0.5+10-b520.38) for windows-amd64 JRE (11.0.5+10-b520.38), built on Jan 23 2020 07:58:32 by "" with MS VC++ 14.0 (VS2015)

END.
